<?xml version="1.0" encoding="UTF-8"?>
<!-- Generated by org.testng.reporters.JUnitXMLReporter -->
<testsuite hostname="ICPL12466" ignored="0" name="Test" tests="6" failures="0" timestamp="13 Aug 2019 09:14:46 GMT" time="0.07" errors="0">
  <testcase name="launchMobileApp" time="0.012" classname="Nest.Automation.MobileTests"/>
  <testcase name="loginMobileApp" time="0.001" classname="Nest.Automation.MobileTests"/>
  <testcase name="verifyMobileHomePage" time="0.0" classname="Nest.Automation.MobileTests"/>
  <testcase name="launch" time="0.001" classname="Nest.Automation.WebHomePage"/>
  <testcase name="login" time="0.001" classname="Nest.Automation.WebHomePage"/>
  <testcase name="verifyHomePage" time="0.001" classname="Nest.Automation.WebHomePage"/>
</testsuite> <!-- Test -->
