<?xml version="1.0" encoding="UTF-8"?>
<!-- Generated by org.testng.reporters.JUnitXMLReporter -->
<testsuite hostname="ICPL12466" ignored="0" name="Test" tests="6" failures="0" timestamp="2019-08-13T15:51:20 IST" time="0.072" errors="0">
  <testcase name="launchMobileApp" time="0.016" classname="Nest.Automation.MobileTests"/>
  <testcase name="loginMobileApp" time="0.0" classname="Nest.Automation.MobileTests"/>
  <testcase name="verifyMobileHomePage" time="0.0" classname="Nest.Automation.MobileTests"/>
  <testcase name="launch" time="0.0" classname="Nest.Automation.WebHomePage"/>
  <testcase name="login" time="0.0" classname="Nest.Automation.WebHomePage"/>
  <testcase name="verifyHomePage" time="0.0" classname="Nest.Automation.WebHomePage"/>
</testsuite> <!-- Test -->
