<?xml version="1.0" encoding="UTF-8"?>
<testng-results skipped="0" failed="0" ignored="0" total="6" passed="6">
  <reporter-output>
  </reporter-output>
  <suite name="Suite" duration-ms="70" started-at="2019-08-13T09:14:46Z" finished-at="2019-08-13T09:14:46Z">
    <groups>
    </groups>
    <test name="Test" duration-ms="70" started-at="2019-08-13T09:14:46Z" finished-at="2019-08-13T09:14:46Z">
      <class name="Nest.Automation.WebHomePage">
        <test-method status="PASS" signature="launch()[pri:0, instance:Nest.Automation.WebHomePage@71c8becc]" name="launch" duration-ms="1" started-at="2019-08-13T09:14:46Z" finished-at="2019-08-13T09:14:46Z">
          <reporter-output>
          </reporter-output>
        </test-method> <!-- launch -->
        <test-method status="PASS" signature="login()[pri:0, instance:Nest.Automation.WebHomePage@71c8becc]" name="login" duration-ms="1" started-at="2019-08-13T09:14:46Z" finished-at="2019-08-13T09:14:46Z">
          <reporter-output>
          </reporter-output>
        </test-method> <!-- login -->
        <test-method status="PASS" signature="verifyHomePage()[pri:0, instance:Nest.Automation.WebHomePage@71c8becc]" name="verifyHomePage" duration-ms="1" started-at="2019-08-13T09:14:46Z" finished-at="2019-08-13T09:14:46Z">
          <reporter-output>
          </reporter-output>
        </test-method> <!-- verifyHomePage -->
      </class> <!-- Nest.Automation.WebHomePage -->
      <class name="Nest.Automation.MobileTests">
        <test-method status="PASS" signature="launchMobileApp()[pri:0, instance:Nest.Automation.MobileTests@60611244]" name="launchMobileApp" duration-ms="12" started-at="2019-08-13T09:14:46Z" finished-at="2019-08-13T09:14:46Z">
          <reporter-output>
          </reporter-output>
        </test-method> <!-- launchMobileApp -->
        <test-method status="PASS" signature="loginMobileApp()[pri:0, instance:Nest.Automation.MobileTests@60611244]" name="loginMobileApp" duration-ms="1" started-at="2019-08-13T09:14:46Z" finished-at="2019-08-13T09:14:46Z">
          <reporter-output>
          </reporter-output>
        </test-method> <!-- loginMobileApp -->
        <test-method status="PASS" signature="verifyMobileHomePage()[pri:0, instance:Nest.Automation.MobileTests@60611244]" name="verifyMobileHomePage" duration-ms="0" started-at="2019-08-13T09:14:46Z" finished-at="2019-08-13T09:14:46Z">
          <reporter-output>
          </reporter-output>
        </test-method> <!-- verifyMobileHomePage -->
      </class> <!-- Nest.Automation.MobileTests -->
    </test> <!-- Test -->
  </suite> <!-- Suite -->
</testng-results>
